2023-09-13 13:04:44,016 [Worker-4: Loading available Gradle versions] INFO  o.e.b.c.i.u.g.PublishedGradleVersions - Gradle version information cache is up-to-date. Trying to read.
2023-09-13 13:06:18,220 [ModalContext] INFO  o.e.m.c.i.e.AbstractTransferListenerAdapter - Downloading https://repo.maven.apache.org/maven2/software/amazon/awssdk/archetype-app-quickstart/2.20.144/archetype-app-quickstart-2.20.144.pom
2023-09-13 13:06:18,550 [ModalContext] INFO  o.e.m.c.i.e.AbstractTransferListenerAdapter - Downloaded https://repo.maven.apache.org/maven2/software/amazon/awssdk/archetype-app-quickstart/2.20.144/archetype-app-quickstart-2.20.144.pom
2023-09-13 13:06:19,198 [ModalContext] INFO  o.e.m.c.i.e.AbstractTransferListenerAdapter - Downloading https://repo.maven.apache.org/maven2/software/amazon/awssdk/archetypes/2.20.144/archetypes-2.20.144.pom
2023-09-13 13:06:19,483 [ModalContext] INFO  o.e.m.c.i.e.AbstractTransferListenerAdapter - Downloaded https://repo.maven.apache.org/maven2/software/amazon/awssdk/archetypes/2.20.144/archetypes-2.20.144.pom
2023-09-13 13:06:19,509 [ModalContext] INFO  o.e.m.c.i.e.AbstractTransferListenerAdapter - Downloading https://repo.maven.apache.org/maven2/software/amazon/awssdk/aws-sdk-java-pom/2.20.144/aws-sdk-java-pom-2.20.144.pom
2023-09-13 13:06:19,608 [ModalContext] INFO  o.e.m.c.i.e.AbstractTransferListenerAdapter - Downloaded https://repo.maven.apache.org/maven2/software/amazon/awssdk/aws-sdk-java-pom/2.20.144/aws-sdk-java-pom-2.20.144.pom
2023-09-13 13:06:20,266 [ModalContext] INFO  o.e.m.c.i.e.AbstractTransferListenerAdapter - Downloading https://repo.maven.apache.org/maven2/software/amazon/awssdk/archetype-app-quickstart/2.20.144/archetype-app-quickstart-2.20.144.jar
2023-09-13 13:06:20,766 [ModalContext] INFO  o.e.m.c.i.e.AbstractTransferListenerAdapter - Downloaded https://repo.maven.apache.org/maven2/software/amazon/awssdk/archetype-app-quickstart/2.20.144/archetype-app-quickstart-2.20.144.jar
2023-09-13 13:09:45,891 [Worker-0: Launching mavenrun-24f34fb2-432d-4881-b663-88d258d065b7] INFO  o.eclipse.m2e.core.internal.Bundles - getClasspathEntries(Bundle=org.eclipse.m2e.maven.runtime_3.8.701.20230209-1606 [346])
2023-09-13 13:09:45,897 [Worker-0: Launching mavenrun-24f34fb2-432d-4881-b663-88d258d065b7] INFO  o.eclipse.m2e.core.internal.Bundles - 	Entry: D:\java24th batch\sts-4.18.1.RELEASE\plugins\org.eclipse.m2e.maven.runtime_3.8.701.20230209-1606
2023-09-13 13:09:45,897 [Worker-0: Launching mavenrun-24f34fb2-432d-4881-b663-88d258d065b7] INFO  o.eclipse.m2e.core.internal.Bundles - 	Entry: D:\java24th batch\sts-4.18.1.RELEASE\plugins\org.eclipse.m2e.maven.runtime_3.8.701.20230209-1606\jars\aether-connector-okhttp-0.17.8.jar
2023-09-13 13:09:45,898 [Worker-0: Launching mavenrun-24f34fb2-432d-4881-b663-88d258d065b7] INFO  o.eclipse.m2e.core.internal.Bundles - 	Entry: D:\java24th batch\sts-4.18.1.RELEASE\plugins\org.eclipse.m2e.maven.runtime_3.8.701.20230209-1606\jars\commons-lang3-3.8.1.jar
2023-09-13 13:09:45,898 [Worker-0: Launching mavenrun-24f34fb2-432d-4881-b663-88d258d065b7] INFO  o.eclipse.m2e.core.internal.Bundles - 	Entry: D:\java24th batch\sts-4.18.1.RELEASE\plugins\org.eclipse.m2e.maven.runtime_3.8.701.20230209-1606\jars\guice-4.2.2-no_aop.jar
2023-09-13 13:09:45,898 [Worker-0: Launching mavenrun-24f34fb2-432d-4881-b663-88d258d065b7] INFO  o.eclipse.m2e.core.internal.Bundles - 	Entry: D:\java24th batch\sts-4.18.1.RELEASE\plugins\org.eclipse.m2e.maven.runtime_3.8.701.20230209-1606\jars\jansi-2.4.0.jar
2023-09-13 13:09:45,898 [Worker-0: Launching mavenrun-24f34fb2-432d-4881-b663-88d258d065b7] INFO  o.eclipse.m2e.core.internal.Bundles - 	Entry: D:\java24th batch\sts-4.18.1.RELEASE\plugins\org.eclipse.m2e.maven.runtime_3.8.701.20230209-1606\jars\maven-artifact-3.8.7.jar
2023-09-13 13:09:45,899 [Worker-0: Launching mavenrun-24f34fb2-432d-4881-b663-88d258d065b7] INFO  o.eclipse.m2e.core.internal.Bundles - 	Entry: D:\java24th batch\sts-4.18.1.RELEASE\plugins\org.eclipse.m2e.maven.runtime_3.8.701.20230209-1606\jars\maven-builder-support-3.8.7.jar
2023-09-13 13:09:45,899 [Worker-0: Launching mavenrun-24f34fb2-432d-4881-b663-88d258d065b7] INFO  o.eclipse.m2e.core.internal.Bundles - 	Entry: D:\java24th batch\sts-4.18.1.RELEASE\plugins\org.eclipse.m2e.maven.runtime_3.8.701.20230209-1606\jars\maven-compat-3.8.7.jar
2023-09-13 13:09:45,899 [Worker-0: Launching mavenrun-24f34fb2-432d-4881-b663-88d258d065b7] INFO  o.eclipse.m2e.core.internal.Bundles - 	Entry: D:\java24th batch\sts-4.18.1.RELEASE\plugins\org.eclipse.m2e.maven.runtime_3.8.701.20230209-1606\jars\maven-core-3.8.7.jar
2023-09-13 13:09:45,899 [Worker-0: Launching mavenrun-24f34fb2-432d-4881-b663-88d258d065b7] INFO  o.eclipse.m2e.core.internal.Bundles - 	Entry: D:\java24th batch\sts-4.18.1.RELEASE\plugins\org.eclipse.m2e.maven.runtime_3.8.701.20230209-1606\jars\maven-embedder-3.8.7.jar
2023-09-13 13:09:45,899 [Worker-0: Launching mavenrun-24f34fb2-432d-4881-b663-88d258d065b7] INFO  o.eclipse.m2e.core.internal.Bundles - 	Entry: D:\java24th batch\sts-4.18.1.RELEASE\plugins\org.eclipse.m2e.maven.runtime_3.8.701.20230209-1606\jars\maven-model-3.8.7.jar
2023-09-13 13:09:45,899 [Worker-0: Launching mavenrun-24f34fb2-432d-4881-b663-88d258d065b7] INFO  o.eclipse.m2e.core.internal.Bundles - 	Entry: D:\java24th batch\sts-4.18.1.RELEASE\plugins\org.eclipse.m2e.maven.runtime_3.8.701.20230209-1606\jars\maven-model-builder-3.8.7.jar
2023-09-13 13:09:45,900 [Worker-0: Launching mavenrun-24f34fb2-432d-4881-b663-88d258d065b7] INFO  o.eclipse.m2e.core.internal.Bundles - 	Entry: D:\java24th batch\sts-4.18.1.RELEASE\plugins\org.eclipse.m2e.maven.runtime_3.8.701.20230209-1606\jars\maven-plugin-api-3.8.7.jar
2023-09-13 13:09:45,900 [Worker-0: Launching mavenrun-24f34fb2-432d-4881-b663-88d258d065b7] INFO  o.eclipse.m2e.core.internal.Bundles - 	Entry: D:\java24th batch\sts-4.18.1.RELEASE\plugins\org.eclipse.m2e.maven.runtime_3.8.701.20230209-1606\jars\maven-repository-metadata-3.8.7.jar
2023-09-13 13:09:45,900 [Worker-0: Launching mavenrun-24f34fb2-432d-4881-b663-88d258d065b7] INFO  o.eclipse.m2e.core.internal.Bundles - 	Entry: D:\java24th batch\sts-4.18.1.RELEASE\plugins\org.eclipse.m2e.maven.runtime_3.8.701.20230209-1606\jars\maven-resolver-api-1.6.3.jar
2023-09-13 13:09:45,900 [Worker-0: Launching mavenrun-24f34fb2-432d-4881-b663-88d258d065b7] INFO  o.eclipse.m2e.core.internal.Bundles - 	Entry: D:\java24th batch\sts-4.18.1.RELEASE\plugins\org.eclipse.m2e.maven.runtime_3.8.701.20230209-1606\jars\maven-resolver-connector-basic-1.6.3.jar
2023-09-13 13:09:45,900 [Worker-0: Launching mavenrun-24f34fb2-432d-4881-b663-88d258d065b7] INFO  o.eclipse.m2e.core.internal.Bundles - 	Entry: D:\java24th batch\sts-4.18.1.RELEASE\plugins\org.eclipse.m2e.maven.runtime_3.8.701.20230209-1606\jars\maven-resolver-impl-1.6.3.jar
2023-09-13 13:09:45,900 [Worker-0: Launching mavenrun-24f34fb2-432d-4881-b663-88d258d065b7] INFO  o.eclipse.m2e.core.internal.Bundles - 	Entry: D:\java24th batch\sts-4.18.1.RELEASE\plugins\org.eclipse.m2e.maven.runtime_3.8.701.20230209-1606\jars\maven-resolver-provider-3.8.7.jar
2023-09-13 13:09:45,901 [Worker-0: Launching mavenrun-24f34fb2-432d-4881-b663-88d258d065b7] INFO  o.eclipse.m2e.core.internal.Bundles - 	Entry: D:\java24th batch\sts-4.18.1.RELEASE\plugins\org.eclipse.m2e.maven.runtime_3.8.701.20230209-1606\jars\maven-resolver-spi-1.6.3.jar
2023-09-13 13:09:45,901 [Worker-0: Launching mavenrun-24f34fb2-432d-4881-b663-88d258d065b7] INFO  o.eclipse.m2e.core.internal.Bundles - 	Entry: D:\java24th batch\sts-4.18.1.RELEASE\plugins\org.eclipse.m2e.maven.runtime_3.8.701.20230209-1606\jars\maven-resolver-transport-wagon-1.6.3.jar
2023-09-13 13:09:45,901 [Worker-0: Launching mavenrun-24f34fb2-432d-4881-b663-88d258d065b7] INFO  o.eclipse.m2e.core.internal.Bundles - 	Entry: D:\java24th batch\sts-4.18.1.RELEASE\plugins\org.eclipse.m2e.maven.runtime_3.8.701.20230209-1606\jars\maven-resolver-util-1.6.3.jar
2023-09-13 13:09:45,901 [Worker-0: Launching mavenrun-24f34fb2-432d-4881-b663-88d258d065b7] INFO  o.eclipse.m2e.core.internal.Bundles - 	Entry: D:\java24th batch\sts-4.18.1.RELEASE\plugins\org.eclipse.m2e.maven.runtime_3.8.701.20230209-1606\jars\maven-settings-3.8.7.jar
2023-09-13 13:09:45,902 [Worker-0: Launching mavenrun-24f34fb2-432d-4881-b663-88d258d065b7] INFO  o.eclipse.m2e.core.internal.Bundles - 	Entry: D:\java24th batch\sts-4.18.1.RELEASE\plugins\org.eclipse.m2e.maven.runtime_3.8.701.20230209-1606\jars\maven-settings-builder-3.8.7.jar
2023-09-13 13:09:45,902 [Worker-0: Launching mavenrun-24f34fb2-432d-4881-b663-88d258d065b7] INFO  o.eclipse.m2e.core.internal.Bundles - 	Entry: D:\java24th batch\sts-4.18.1.RELEASE\plugins\org.eclipse.m2e.maven.runtime_3.8.701.20230209-1606\jars\maven-shared-utils-3.3.4.jar
2023-09-13 13:09:45,902 [Worker-0: Launching mavenrun-24f34fb2-432d-4881-b663-88d258d065b7] INFO  o.eclipse.m2e.core.internal.Bundles - 	Entry: D:\java24th batch\sts-4.18.1.RELEASE\plugins\org.eclipse.m2e.maven.runtime_3.8.701.20230209-1606\jars\okhttp-3.14.1.jar
2023-09-13 13:09:45,902 [Worker-0: Launching mavenrun-24f34fb2-432d-4881-b663-88d258d065b7] INFO  o.eclipse.m2e.core.internal.Bundles - 	Entry: D:\java24th batch\sts-4.18.1.RELEASE\plugins\org.eclipse.m2e.maven.runtime_3.8.701.20230209-1606\jars\okio-1.17.3.jar
2023-09-13 13:09:45,902 [Worker-0: Launching mavenrun-24f34fb2-432d-4881-b663-88d258d065b7] INFO  o.eclipse.m2e.core.internal.Bundles - 	Entry: D:\java24th batch\sts-4.18.1.RELEASE\plugins\org.eclipse.m2e.maven.runtime_3.8.701.20230209-1606\jars\org.eclipse.sisu.inject-0.3.5.jar
2023-09-13 13:09:45,903 [Worker-0: Launching mavenrun-24f34fb2-432d-4881-b663-88d258d065b7] INFO  o.eclipse.m2e.core.internal.Bundles - 	Entry: D:\java24th batch\sts-4.18.1.RELEASE\plugins\org.eclipse.m2e.maven.runtime_3.8.701.20230209-1606\jars\org.eclipse.sisu.plexus-0.3.5.jar
2023-09-13 13:09:45,903 [Worker-0: Launching mavenrun-24f34fb2-432d-4881-b663-88d258d065b7] INFO  o.eclipse.m2e.core.internal.Bundles - 	Entry: D:\java24th batch\sts-4.18.1.RELEASE\plugins\org.eclipse.m2e.maven.runtime_3.8.701.20230209-1606\jars\plexus-build-api-0.0.7.jar
2023-09-13 13:09:45,903 [Worker-0: Launching mavenrun-24f34fb2-432d-4881-b663-88d258d065b7] INFO  o.eclipse.m2e.core.internal.Bundles - 	Entry: D:\java24th batch\sts-4.18.1.RELEASE\plugins\org.eclipse.m2e.maven.runtime_3.8.701.20230209-1606\jars\plexus-cipher-2.0.jar
2023-09-13 13:09:45,903 [Worker-0: Launching mavenrun-24f34fb2-432d-4881-b663-88d258d065b7] INFO  o.eclipse.m2e.core.internal.Bundles - 	Entry: D:\java24th batch\sts-4.18.1.RELEASE\plugins\org.eclipse.m2e.maven.runtime_3.8.701.20230209-1606\jars\plexus-classworlds-2.6.0.jar
2023-09-13 13:09:45,903 [Worker-0: Launching mavenrun-24f34fb2-432d-4881-b663-88d258d065b7] INFO  o.eclipse.m2e.core.internal.Bundles - 	Entry: D:\java24th batch\sts-4.18.1.RELEASE\plugins\org.eclipse.m2e.maven.runtime_3.8.701.20230209-1606\jars\plexus-component-annotations-2.1.0.jar
2023-09-13 13:09:45,903 [Worker-0: Launching mavenrun-24f34fb2-432d-4881-b663-88d258d065b7] INFO  o.eclipse.m2e.core.internal.Bundles - 	Entry: D:\java24th batch\sts-4.18.1.RELEASE\plugins\org.eclipse.m2e.maven.runtime_3.8.701.20230209-1606\jars\plexus-interpolation-1.26.jar
2023-09-13 13:09:45,904 [Worker-0: Launching mavenrun-24f34fb2-432d-4881-b663-88d258d065b7] INFO  o.eclipse.m2e.core.internal.Bundles - 	Entry: D:\java24th batch\sts-4.18.1.RELEASE\plugins\org.eclipse.m2e.maven.runtime_3.8.701.20230209-1606\jars\plexus-sec-dispatcher-2.0.jar
2023-09-13 13:09:45,904 [Worker-0: Launching mavenrun-24f34fb2-432d-4881-b663-88d258d065b7] INFO  o.eclipse.m2e.core.internal.Bundles - 	Entry: D:\java24th batch\sts-4.18.1.RELEASE\plugins\org.eclipse.m2e.maven.runtime_3.8.701.20230209-1606\jars\plexus-utils-3.3.1.jar
2023-09-13 13:09:45,904 [Worker-0: Launching mavenrun-24f34fb2-432d-4881-b663-88d258d065b7] INFO  o.eclipse.m2e.core.internal.Bundles - 	Entry: D:\java24th batch\sts-4.18.1.RELEASE\plugins\org.eclipse.m2e.maven.runtime_3.8.701.20230209-1606\jars\wagon-file-3.5.3.jar
2023-09-13 13:09:45,904 [Worker-0: Launching mavenrun-24f34fb2-432d-4881-b663-88d258d065b7] INFO  o.eclipse.m2e.core.internal.Bundles - 	Entry: D:\java24th batch\sts-4.18.1.RELEASE\plugins\org.eclipse.m2e.maven.runtime_3.8.701.20230209-1606\jars\wagon-provider-api-3.5.3.jar
2023-09-13 13:09:45,907 [Worker-0: Launching mavenrun-24f34fb2-432d-4881-b663-88d258d065b7] INFO  o.eclipse.m2e.core.internal.Bundles - getClasspathEntries(Bundle=com.google.guava_31.1.0.jre [23])
2023-09-13 13:09:45,908 [Worker-0: Launching mavenrun-24f34fb2-432d-4881-b663-88d258d065b7] INFO  o.eclipse.m2e.core.internal.Bundles - 	Entry: D:\java24th batch\sts-4.18.1.RELEASE\plugins\com.google.guava_31.1.0.jre.jar
2023-09-13 13:09:45,908 [Worker-0: Launching mavenrun-24f34fb2-432d-4881-b663-88d258d065b7] INFO  o.eclipse.m2e.core.internal.Bundles - getClasspathEntries(Bundle=slf4j.api_1.7.36 [580])
2023-09-13 13:09:45,910 [Worker-0: Launching mavenrun-24f34fb2-432d-4881-b663-88d258d065b7] INFO  o.eclipse.m2e.core.internal.Bundles - 	Entry: D:\java24th batch\sts-4.18.1.RELEASE\plugins\slf4j.api_1.7.36.jar
2023-09-13 13:09:45,910 [Worker-0: Launching mavenrun-24f34fb2-432d-4881-b663-88d258d065b7] INFO  o.eclipse.m2e.core.internal.Bundles - getClasspathEntries(Bundle=javax.inject_1.0.0.v20220405-0441 [50])
2023-09-13 13:09:45,912 [Worker-0: Launching mavenrun-24f34fb2-432d-4881-b663-88d258d065b7] INFO  o.eclipse.m2e.core.internal.Bundles - 	Entry: D:\java24th batch\sts-4.18.1.RELEASE\plugins\javax.inject_1.0.0.v20220405-0441.jar
2023-09-13 13:09:45,913 [Worker-0: Launching mavenrun-24f34fb2-432d-4881-b663-88d258d065b7] INFO  o.eclipse.m2e.core.internal.Bundles - getClasspathEntries(Bundle=javax.annotation_1.3.5.v20221203-1659 [48])
2023-09-13 13:09:45,915 [Worker-0: Launching mavenrun-24f34fb2-432d-4881-b663-88d258d065b7] INFO  o.eclipse.m2e.core.internal.Bundles - 	Entry: D:\java24th batch\sts-4.18.1.RELEASE\plugins\javax.annotation_1.3.5.v20221203-1659.jar
2023-09-13 13:09:45,915 [Worker-0: Launching mavenrun-24f34fb2-432d-4881-b663-88d258d065b7] INFO  o.eclipse.m2e.core.internal.Bundles - getClasspathEntries(Bundle=org.apache.commons.cli_1.4.0.v20221112-0806 [73])
2023-09-13 13:09:45,917 [Worker-0: Launching mavenrun-24f34fb2-432d-4881-b663-88d258d065b7] INFO  o.eclipse.m2e.core.internal.Bundles - 	Entry: D:\java24th batch\sts-4.18.1.RELEASE\plugins\org.apache.commons.cli_1.4.0.v20221112-0806.jar
2023-09-13 13:09:45,917 [Worker-0: Launching mavenrun-24f34fb2-432d-4881-b663-88d258d065b7] INFO  o.eclipse.m2e.core.internal.Bundles - getClasspathEntries(Bundle=com.google.guava.failureaccess_1.0.1 [25])
2023-09-13 13:09:45,918 [Worker-0: Launching mavenrun-24f34fb2-432d-4881-b663-88d258d065b7] INFO  o.eclipse.m2e.core.internal.Bundles - 	Entry: D:\java24th batch\sts-4.18.1.RELEASE\plugins\com.google.guava.failureaccess_1.0.1.jar
2023-09-13 13:09:45,931 [Worker-0: Launching mavenrun-24f34fb2-432d-4881-b663-88d258d065b7] INFO  o.e.m.i.launch.MavenLaunchDelegate - Run build in "C:\Users\Admin\AppData\Local\Temp\m2e-archetypeGenerator1358945675125210589":
2023-09-13 13:09:45,939 [Worker-0: Launching mavenrun-24f34fb2-432d-4881-b663-88d258d065b7] INFO  o.e.m.i.launch.MavenLaunchDelegate -  mvn  -DarchetypeGroupId=org.apache.maven.archetypes -DarchetypeArtifactId=maven-archetype-quickstart -DarchetypeVersion=1.4 -DgroupId=Projectnumber1 -DartifactId=Loginproject -Dversion=0.0.1-SNAPSHOT -Dpackage=Projectnumber1.Loginproject -DoutputDirectory="C:\Users\Admin\Desktop\spring projects" -Dstyle.color=always -U archetype:generate
2023-09-13 13:10:12,294 [Worker-4: Creating maven-archetype-quickstart] INFO  o.e.m.c.i.p.ProjectConfigurationManager - Collecting project info '/pom.xml' C:\Users\Admin\Desktop\spring projects\Loginproject\pom.xml
2023-09-13 13:10:15,087 [Worker-4: Creating maven-archetype-quickstart] INFO  o.e.m.c.i.l.LifecycleMappingFactory - Using org.eclipse.m2e.jdt.JarLifecycleMapping lifecycle mapping for MavenProject: Projectnumber1:Loginproject:0.0.1-SNAPSHOT @ C:\Users\Admin\Desktop\spring projects\Loginproject\pom.xml.
2023-09-13 13:10:16,243 [Worker-4: Creating maven-archetype-quickstart] INFO  o.e.m.j.i.AbstractJavaProjectConfigurator - Adding source folder /Loginproject/src/main/java
2023-09-13 13:10:16,262 [Worker-4: Creating maven-archetype-quickstart] INFO  o.e.m.j.i.AbstractJavaProjectConfigurator - Adding source folder /Loginproject/src/test/java
2023-09-13 13:10:16,579 [Worker-4: Creating maven-archetype-quickstart] INFO  o.e.m.c.i.p.ProjectConfigurationManager - Imported and configured 1 project(s) in 4 sec
2023-09-13 13:10:18,408 [Worker-4: Building] INFO  o.e.m.c.i.embedder.EclipseLogger - Using 'UTF-8' encoding to copy filtered resources.
2023-09-13 13:10:18,409 [Worker-4: Building] INFO  o.e.m.c.i.embedder.EclipseLogger - skip non existing resourceDirectory C:\Users\Admin\Desktop\spring projects\Loginproject\src\main\resources
2023-09-13 13:10:18,415 [Worker-4: Building] INFO  o.e.m.c.i.embedder.EclipseLogger - Using 'UTF-8' encoding to copy filtered resources.
2023-09-13 13:10:18,416 [Worker-4: Building] INFO  o.e.m.c.i.embedder.EclipseLogger - skip non existing resourceDirectory C:\Users\Admin\Desktop\spring projects\Loginproject\src\test\resources
2023-09-13 13:12:40,628 [Worker-11: Import Getting Started Content] INFO  o.e.m.c.i.l.LifecycleMappingFactory - Using org.eclipse.m2e.jdt.JarLifecycleMapping lifecycle mapping for MavenProject: com.example:loginProject2:0.0.1-SNAPSHOT @ C:\Users\Admin\Desktop\spring projects\loginProject2\pom.xml.
2023-09-13 13:12:42,480 [Worker-11: Import Getting Started Content] INFO  o.e.m.j.i.AbstractJavaProjectConfigurator - Adding source folder /loginProject2/src/main/java
2023-09-13 13:12:42,481 [Worker-11: Import Getting Started Content] INFO  o.e.m.j.i.AbstractJavaProjectConfigurator - Adding resource folder /loginProject2/src/main/resources
2023-09-13 13:12:42,491 [Worker-11: Import Getting Started Content] INFO  o.e.m.j.i.AbstractJavaProjectConfigurator - Adding resource folder /loginProject2/src/main/resources
2023-09-13 13:12:42,555 [Worker-11: Import Getting Started Content] INFO  o.e.m.j.i.AbstractJavaProjectConfigurator - Adding source folder /loginProject2/src/test/java
2023-09-13 13:12:43,241 [Worker-11: Import Getting Started Content] INFO  o.e.m.c.i.p.ProjectConfigurationManager - Imported and configured 1 project(s) in 4 sec
2023-09-13 13:12:43,248 [Worker-11: Import Getting Started Content] INFO  o.e.m.c.i.p.ProjectConfigurationManager - Update started
2023-09-13 13:12:43,979 [Worker-11: Import Getting Started Content] INFO  o.e.m.c.i.l.LifecycleMappingFactory - Using org.eclipse.m2e.jdt.JarLifecycleMapping lifecycle mapping for MavenProject: com.example:loginProject2:0.0.1-SNAPSHOT @ C:\Users\Admin\Desktop\spring projects\loginProject2\pom.xml.
2023-09-13 13:12:44,535 [Worker-11: Import Getting Started Content] INFO  o.e.m.j.i.AbstractJavaProjectConfigurator - Adding source folder /loginProject2/src/main/java
2023-09-13 13:12:44,535 [Worker-11: Import Getting Started Content] INFO  o.e.m.j.i.AbstractJavaProjectConfigurator - Adding resource folder /loginProject2/src/main/resources
2023-09-13 13:12:44,536 [Worker-11: Import Getting Started Content] INFO  o.e.m.j.i.AbstractJavaProjectConfigurator - Adding resource folder /loginProject2/src/main/resources
2023-09-13 13:12:44,537 [Worker-11: Import Getting Started Content] INFO  o.e.m.j.i.AbstractJavaProjectConfigurator - Adding source folder /loginProject2/src/test/java
2023-09-13 13:12:45,267 [Worker-11: Import Getting Started Content] INFO  o.e.m.c.i.p.ProjectConfigurationManager - Update completed for 1 poms: local refresh takes 0.00 sec, refresh facades takes 1.00 sec, update config takes 0.00 sec 
2023-09-13 13:12:45,466 [Worker-12: Updating Maven Project] INFO  o.e.m.c.i.p.ProjectConfigurationManager - Update started
2023-09-13 13:12:46,839 [Worker-12: Updating Maven Project] INFO  o.e.m.c.i.l.LifecycleMappingFactory - Using org.eclipse.m2e.jdt.JarLifecycleMapping lifecycle mapping for MavenProject: com.example:loginProject2:0.0.1-SNAPSHOT @ C:\Users\Admin\Desktop\spring projects\loginProject2\pom.xml.
2023-09-13 13:12:47,420 [Worker-12: Updating Maven Project] INFO  o.e.m.j.i.AbstractJavaProjectConfigurator - Adding source folder /loginProject2/src/main/java
2023-09-13 13:12:47,421 [Worker-12: Updating Maven Project] INFO  o.e.m.j.i.AbstractJavaProjectConfigurator - Adding resource folder /loginProject2/src/main/resources
2023-09-13 13:12:47,422 [Worker-12: Updating Maven Project] INFO  o.e.m.j.i.AbstractJavaProjectConfigurator - Adding resource folder /loginProject2/src/main/resources
2023-09-13 13:12:47,423 [Worker-12: Updating Maven Project] INFO  o.e.m.j.i.AbstractJavaProjectConfigurator - Adding source folder /loginProject2/src/test/java
2023-09-13 13:12:47,809 [Worker-12: Updating Maven Project] INFO  o.e.m.c.i.p.ProjectConfigurationManager - Update completed for 1 poms: local refresh takes 0.00 sec, refresh facades takes 1.00 sec, update config takes 0.00 sec 
2023-09-13 13:12:48,860 [Worker-4: Building] INFO  o.e.m.c.i.embedder.EclipseLogger - Using 'UTF-8' encoding to copy filtered resources.
2023-09-13 13:12:48,861 [Worker-4: Building] INFO  o.e.m.c.i.embedder.EclipseLogger - Using 'UTF-8' encoding to copy filtered properties files.
2023-09-13 13:12:48,875 [Worker-4: Building] INFO  o.e.m.c.i.embedder.EclipseLogger - Copying 1 resource
2023-09-13 13:12:48,901 [Worker-4: Building] INFO  o.e.m.c.i.embedder.EclipseLogger - Copying 0 resource
2023-09-13 13:12:48,910 [Worker-4: Building] INFO  o.e.m.c.i.embedder.EclipseLogger - Using 'UTF-8' encoding to copy filtered resources.
2023-09-13 13:12:48,914 [Worker-4: Building] INFO  o.e.m.c.i.embedder.EclipseLogger - Using 'UTF-8' encoding to copy filtered properties files.
2023-09-13 13:12:48,915 [Worker-4: Building] INFO  o.e.m.c.i.embedder.EclipseLogger - skip non existing resourceDirectory C:\Users\Admin\Desktop\spring projects\loginProject2\src\test\resources
2023-09-13 13:14:20,693 [Worker-15: Building] INFO  o.e.m.c.i.embedder.EclipseLogger - Using 'UTF-8' encoding to copy filtered resources.
2023-09-13 13:14:20,694 [Worker-15: Building] INFO  o.e.m.c.i.embedder.EclipseLogger - Using 'UTF-8' encoding to copy filtered properties files.
2023-09-13 13:14:20,699 [Worker-15: Building] INFO  o.e.m.c.i.embedder.EclipseLogger - Copying 1 resource
2023-09-13 13:14:20,717 [Worker-15: Building] INFO  o.e.m.c.i.embedder.EclipseLogger - Copying 0 resource
2023-09-13 13:14:20,722 [Worker-15: Building] INFO  o.e.m.c.i.embedder.EclipseLogger - Using 'UTF-8' encoding to copy filtered resources.
2023-09-13 13:14:20,723 [Worker-15: Building] INFO  o.e.m.c.i.embedder.EclipseLogger - Using 'UTF-8' encoding to copy filtered properties files.
2023-09-13 13:14:20,723 [Worker-15: Building] INFO  o.e.m.c.i.embedder.EclipseLogger - skip non existing resourceDirectory C:\Users\Admin\Desktop\spring projects\loginProject2\src\test\resources
2023-09-13 13:15:13,923 [Worker-13: Building] INFO  o.e.m.c.i.embedder.EclipseLogger - Using 'UTF-8' encoding to copy filtered resources.
2023-09-13 13:15:13,924 [Worker-13: Building] INFO  o.e.m.c.i.embedder.EclipseLogger - Using 'UTF-8' encoding to copy filtered properties files.
2023-09-13 13:15:13,925 [Worker-13: Building] INFO  o.e.m.c.i.embedder.EclipseLogger - Copying 1 resource
2023-09-13 13:15:13,935 [Worker-13: Building] INFO  o.e.m.c.i.embedder.EclipseLogger - Copying 0 resource
2023-09-13 13:15:13,941 [Worker-13: Building] INFO  o.e.m.c.i.embedder.EclipseLogger - Using 'UTF-8' encoding to copy filtered resources.
2023-09-13 13:15:13,942 [Worker-13: Building] INFO  o.e.m.c.i.embedder.EclipseLogger - Using 'UTF-8' encoding to copy filtered properties files.
2023-09-13 13:15:13,942 [Worker-13: Building] INFO  o.e.m.c.i.embedder.EclipseLogger - skip non existing resourceDirectory C:\Users\Admin\Desktop\spring projects\loginProject2\src\test\resources
2023-09-13 13:16:24,904 [Worker-15: Building] INFO  o.e.m.c.i.embedder.EclipseLogger - Using 'UTF-8' encoding to copy filtered resources.
2023-09-13 13:16:24,904 [Worker-15: Building] INFO  o.e.m.c.i.embedder.EclipseLogger - Using 'UTF-8' encoding to copy filtered properties files.
2023-09-13 13:16:24,905 [Worker-15: Building] INFO  o.e.m.c.i.embedder.EclipseLogger - Copying 1 resource
2023-09-13 13:16:24,922 [Worker-15: Building] INFO  o.e.m.c.i.embedder.EclipseLogger - Copying 0 resource
2023-09-13 13:16:24,927 [Worker-15: Building] INFO  o.e.m.c.i.embedder.EclipseLogger - Using 'UTF-8' encoding to copy filtered resources.
2023-09-13 13:16:24,927 [Worker-15: Building] INFO  o.e.m.c.i.embedder.EclipseLogger - Using 'UTF-8' encoding to copy filtered properties files.
2023-09-13 13:16:24,928 [Worker-15: Building] INFO  o.e.m.c.i.embedder.EclipseLogger - skip non existing resourceDirectory C:\Users\Admin\Desktop\spring projects\loginProject2\src\test\resources
2023-09-13 13:21:16,927 [Worker-13: Launching loginProject2 - LoginProject2Application] INFO  o.e.m.c.i.embedder.EclipseLogger - Using 'UTF-8' encoding to copy filtered resources.
2023-09-13 13:21:16,927 [Worker-13: Launching loginProject2 - LoginProject2Application] INFO  o.e.m.c.i.embedder.EclipseLogger - Using 'UTF-8' encoding to copy filtered properties files.
2023-09-13 13:21:16,932 [Worker-13: Launching loginProject2 - LoginProject2Application] INFO  o.e.m.c.i.embedder.EclipseLogger - Copying 1 resource
2023-09-13 13:21:17,005 [Worker-13: Launching loginProject2 - LoginProject2Application] INFO  o.e.m.c.i.embedder.EclipseLogger - Copying 0 resource
2023-09-13 13:21:17,011 [Worker-13: Launching loginProject2 - LoginProject2Application] INFO  o.e.m.c.i.embedder.EclipseLogger - Using 'UTF-8' encoding to copy filtered resources.
2023-09-13 13:21:17,012 [Worker-13: Launching loginProject2 - LoginProject2Application] INFO  o.e.m.c.i.embedder.EclipseLogger - Using 'UTF-8' encoding to copy filtered properties files.
2023-09-13 13:21:17,012 [Worker-13: Launching loginProject2 - LoginProject2Application] INFO  o.e.m.c.i.embedder.EclipseLogger - skip non existing resourceDirectory C:\Users\Admin\Desktop\spring projects\loginProject2\src\test\resources
2023-09-13 14:20:50,902 [Worker-9: Building] INFO  o.e.m.c.i.embedder.EclipseLogger - Using 'UTF-8' encoding to copy filtered resources.
2023-09-13 14:20:50,904 [Worker-9: Building] INFO  o.e.m.c.i.embedder.EclipseLogger - Using 'UTF-8' encoding to copy filtered properties files.
2023-09-13 14:20:50,909 [Worker-9: Building] INFO  o.e.m.c.i.embedder.EclipseLogger - Copying 1 resource
2023-09-13 14:20:51,201 [Worker-9: Building] INFO  o.e.m.c.i.embedder.EclipseLogger - Copying 0 resource
2023-09-13 14:20:51,208 [Worker-9: Building] INFO  o.e.m.c.i.embedder.EclipseLogger - Using 'UTF-8' encoding to copy filtered resources.
2023-09-13 14:20:51,209 [Worker-9: Building] INFO  o.e.m.c.i.embedder.EclipseLogger - Using 'UTF-8' encoding to copy filtered properties files.
2023-09-13 14:20:51,209 [Worker-9: Building] INFO  o.e.m.c.i.embedder.EclipseLogger - skip non existing resourceDirectory C:\Users\Admin\Desktop\spring projects\loginProject2\src\test\resources
